<?xml version="1.0" encoding="UTF-8"?>
<!-- Generated by org.testng.reporters.JUnitReportReporter -->
<testsuite skipped="0" hostname="EPBYMINW4406" name="com.epam.pageobject.test.LoginTest" tests="1" failures="0" timestamp="2020-05-19T23:19:15 MSK" time="3.568" errors="0">
  <testcase name="login" time="3.568" classname="com.epam.pageobject.test.LoginTest"/>
  <system-out/>
</testsuite> <!-- com.epam.pageobject.test.LoginTest -->
