<?xml version="1.0" encoding="UTF-8"?>
<!-- Generated by org.testng.reporters.JUnitReportReporter -->
<testsuite skipped="0" hostname="EPBYMINW4406" name="com.epam.pageobject.test.SendDraftTest" tests="1" failures="0" timestamp="2020-05-20T00:00:07 MSK" time="7.519" errors="0">
  <testcase name="sendDraft" time="7.519" classname="com.epam.pageobject.test.SendDraftTest"/>
  <system-out/>
</testsuite> <!-- com.epam.pageobject.test.SendDraftTest -->
